[debug] [2023-01-31T05:22:10.924Z] ----------------------------------------------------------------------
[debug] [2023-01-31T05:22:10.926Z] Command:       C:\Program Files\nodejs\node.exe C:\Users\atharv\AppData\Roaming\npm\node_modules\firebase-tools\lib\bin\firebase.js init
[debug] [2023-01-31T05:22:10.926Z] CLI Version:   11.21.0
[debug] [2023-01-31T05:22:10.927Z] Platform:      win32
[debug] [2023-01-31T05:22:10.927Z] Node Version:  v18.13.0
[debug] [2023-01-31T05:22:10.928Z] Time:          Tue Jan 31 2023 10:52:10 GMT+0530 (India Standard Time)
[debug] [2023-01-31T05:22:10.928Z] ----------------------------------------------------------------------
[debug] 
[debug] [2023-01-31T05:22:10.933Z] > command requires scopes: ["email","openid","https://www.googleapis.com/auth/cloudplatformprojects.readonly","https://www.googleapis.com/auth/firebase","https://www.googleapis.com/auth/cloud-platform"]
[debug] [2023-01-31T05:22:10.934Z] > authorizing via signed-in user (atharvbhale13@gmail.com)
[info] 
     ######## #### ########  ######## ########     ###     ######  ########
     ##        ##  ##     ## ##       ##     ##  ##   ##  ##       ##
     ######    ##  ########  ######   ########  #########  ######  ######
     ##        ##  ##    ##  ##       ##     ## ##     ##       ## ##
     ##       #### ##     ## ######## ########  ##     ##  ######  ########

You're about to initialize a Firebase project in this directory:

  D:\Nodejs\Crypto-tracker

[info] 
=== Project Setup
[info] 
[info] First, let's associate this project directory with a Firebase project.
[info] You can create multiple project aliases by running firebase use --add, 
[info] but for now we'll just set up a default project.
[info] 
[debug] [2023-01-31T05:22:32.120Z] >>> [apiv2][query] GET https://firebase.googleapis.com/v1beta1/projects pageSize=100
[debug] [2023-01-31T05:22:33.129Z] <<< [apiv2][status] GET https://firebase.googleapis.com/v1beta1/projects 200
[debug] [2023-01-31T05:22:33.129Z] <<< [apiv2][body] GET https://firebase.googleapis.com/v1beta1/projects [omitted]
[info] i  Using project tutorial-df26c (Tutorial) 
[info] 
=== Hosting Setup
[info] 
[info] Your public directory is the folder (relative to your project directory) that
[info] will contain Hosting assets to be uploaded with firebase deploy. If you
[info] have a build process for your assets, use your build's output directory.
[info] 
[debug] [2023-01-31T05:26:56.311Z] ----------------------------------------------------------------------
[debug] [2023-01-31T05:26:56.313Z] Command:       C:\Program Files\nodejs\node.exe C:\Users\atharv\AppData\Roaming\npm\node_modules\firebase-tools\lib\bin\firebase.js init
[debug] [2023-01-31T05:26:56.313Z] CLI Version:   11.21.0
[debug] [2023-01-31T05:26:56.314Z] Platform:      win32
[debug] [2023-01-31T05:26:56.314Z] Node Version:  v18.13.0
[debug] [2023-01-31T05:26:56.314Z] Time:          Tue Jan 31 2023 10:56:56 GMT+0530 (India Standard Time)
[debug] [2023-01-31T05:26:56.315Z] ----------------------------------------------------------------------
[debug] 
[debug] [2023-01-31T05:26:56.320Z] > command requires scopes: ["email","openid","https://www.googleapis.com/auth/cloudplatformprojects.readonly","https://www.googleapis.com/auth/firebase","https://www.googleapis.com/auth/cloud-platform"]
[debug] [2023-01-31T05:26:56.321Z] > authorizing via signed-in user (atharvbhale13@gmail.com)
[info] 
     ######## #### ########  ######## ########     ###     ######  ########
     ##        ##  ##     ## ##       ##     ##  ##   ##  ##       ##
     ######    ##  ########  ######   ########  #########  ######  ######
     ##        ##  ##    ##  ##       ##     ## ##     ##       ## ##
     ##       #### ##     ## ######## ########  ##     ##  ######  ########

You're about to initialize a Firebase project in this directory:

  D:\Nodejs\Crypto-tracker\public1

[info] 
=== Project Setup
[info] 
[info] First, let's associate this project directory with a Firebase project.
[info] You can create multiple project aliases by running firebase use --add, 
[info] but for now we'll just set up a default project.
[info] 
[debug] [2023-01-31T05:27:06.403Z] >>> [apiv2][query] GET https://firebase.googleapis.com/v1beta1/projects pageSize=100
[debug] [2023-01-31T05:27:07.312Z] <<< [apiv2][status] GET https://firebase.googleapis.com/v1beta1/projects 200
[debug] [2023-01-31T05:27:07.312Z] <<< [apiv2][body] GET https://firebase.googleapis.com/v1beta1/projects [omitted]
[info] i  Using project tutorial-df26c (Tutorial) 
[info] 
=== Hosting Setup
[info] 
[info] Your public directory is the folder (relative to your project directory) that
[info] will contain Hosting assets to be uploaded with firebase deploy. If you
[info] have a build process for your assets, use your build's output directory.
[info] 
